<?xml version="1.0" encoding="UTF-8"?>
<!-- Generated by org.testng.reporters.JUnitReportReporter -->
<testsuite hostname="cplabintr01" failures="0" tests="1" name="runner.TestRunner" time="32.354" errors="0" timestamp="2022-06-20T07:27:06 GMT" skipped="0">
  <testcase classname="runner.TestRunner" name="runScenario" time="32.354"/>
  <system-out/>
</testsuite> <!-- runner.TestRunner -->
